#
# There is insufficient memory for the Java Runtime Environment to continue.
# Native memory allocation (malloc) failed to allocate 542736 bytes for Chunk::new
# Possible reasons:
#   The system is out of physical RAM or swap space
#   The process is running with CompressedOops enabled, and the Java Heap may be blocking the growth of the native heap
# Possible solutions:
#   Reduce memory load on the system
#   Increase physical memory or swap space
#   Check if swap backing store is full
#   Decrease Java heap size (-Xmx/-Xms)
#   Decrease number of Java threads
#   Decrease Java thread stack sizes (-Xss)
#   Set larger code cache with -XX:ReservedCodeCacheSize=
#   JVM is running with Unscaled Compressed Oops mode in which the Java heap is
#     placed in the first 4GB address space. The Java Heap base address is the
#     maximum limit for the native heap growth. Please use -XX:HeapBaseMinAddress
#     to set the Java Heap base and to place the Java Heap above 4GB virtual address.
# This output file may be truncated or incomplete.
#
#  Out of Memory Error (./src/hotspot/share/memory/arena.cpp:197), pid=14108, tid=11392
#
# JRE version: OpenJDK Runtime Environment (11.0.11+9) (build 11.0.11+9-b60-7590822)
# Java VM: OpenJDK 64-Bit Server VM (11.0.11+9-b60-7590822, mixed mode, tiered, compressed oops, g1 gc, windows-amd64)
# No core dump will be written. Minidumps are not enabled by default on client versions of Windows
#

---------------  S U M M A R Y ------------

Command Line: --add-opens=java.base/java.util=ALL-UNNAMED --add-opens=java.base/java.lang=ALL-UNNAMED --add-opens=java.base/java.lang.invoke=ALL-UNNAMED --add-opens=java.prefs/java.util.prefs=ALL-UNNAMED -Xmx1536m -Dfile.encoding=windows-1251 -Duser.country=RU -Duser.language=ru -Duser.variant org.gradle.launcher.daemon.bootstrap.GradleDaemon 5.4.1

Host: Intel(R) Core(TM) i5-7360U CPU @ 2.30GHz, 4 cores, 7G,  Windows 10 , 64 bit Build 19041 (10.0.19041.1645)
Time: Mon May  2 22:41:40 2022 RTZ 2 (зима) elapsed time: 18.670760 seconds (0d 0h 0m 18s)

---------------  T H R E A D  ---------------

Current thread (0x000001a502572800):  JavaThread "C2 CompilerThread1" daemon [_thread_in_native, id=11392, stack(0x000000a017700000,0x000000a017800000)]


Current CompileTask:
C2:  18670 8669   !   4       java.io.ObjectInputStream::readSerialData (563 bytes)

Stack: [0x000000a017700000,0x000000a017800000]
Native frames: (J=compiled Java code, j=interpreted, Vv=VM code, C=native code)
V  [jvm.dll+0x5f214a]
V  [jvm.dll+0x726fb5]
V  [jvm.dll+0x7285cd]
V  [jvm.dll+0x728c83]
V  [jvm.dll+0x243278]
V  [jvm.dll+0xbc53c]
V  [jvm.dll+0xbca3c]
V  [jvm.dll+0x2b5c34]
V  [jvm.dll+0x508488]
V  [jvm.dll+0x1fd92d]
V  [jvm.dll+0x1fb35f]
V  [jvm.dll+0x183d6c]
V  [jvm.dll+0x209a57]
V  [jvm.dll+0x2082a1]
V  [jvm.dll+0x6ef58f]
V  [jvm.dll+0x6e80b5]
V  [jvm.dll+0x5f1036]
C  [ucrtbase.dll+0x21bb2]
C  [KERNEL32.DLL+0x17034]
C  [ntdll.dll+0x52651]


---------------  P R O C E S S  ---------------

Threads class SMR info:
_java_thread_list=0x000001a503815e40, length=53, elements={
0x000001a563a7d800, 0x000001a57e250800, 0x000001a57e275000, 0x000001a57e296000,
0x000001a57e297000, 0x000001a57e299000, 0x000001a57e29c000, 0x000001a57e29f800,
0x000001a57e2cd800, 0x000001a57ed50000, 0x000001a500883800, 0x000001a500c2e800,
0x000001a57f5e9000, 0x000001a57f787000, 0x000001a500c2b000, 0x000001a5000da800,
0x000001a500d81800, 0x000001a500c54800, 0x000001a500c55000, 0x000001a500c83800,
0x000001a500c85000, 0x000001a500c86000, 0x000001a500c82000, 0x000001a500c84800,
0x000001a500c81000, 0x000001a500c87000, 0x000001a501ed4800, 0x000001a501ed2000,
0x000001a501ed2800, 0x000001a501ed3800, 0x000001a501ed1000, 0x000001a501ed0800,
0x000001a501edb000, 0x000001a501ed5000, 0x000001a501ed7000, 0x000001a501ed7800,
0x000001a501ede000, 0x000001a501ed9800, 0x000001a501edb800, 0x000001a501eda000,
0x000001a501ed8800, 0x000001a501edc800, 0x000001a501edf000, 0x000001a501edd800,
0x000001a5007c5800, 0x000001a5007c4000, 0x000001a5007ca800, 0x000001a5007cb800,
0x000001a502572800, 0x000001a5007cc000, 0x000001a5007c9000, 0x000001a5007c9800,
0x000001a5007c5000
}

Java Threads: ( => current thread )
  0x000001a563a7d800 JavaThread "main" [_thread_blocked, id=10356, stack(0x000000a014900000,0x000000a014a00000)]
  0x000001a57e250800 JavaThread "Reference Handler" daemon [_thread_blocked, id=13796, stack(0x000000a015100000,0x000000a015200000)]
  0x000001a57e275000 JavaThread "Finalizer" daemon [_thread_blocked, id=10792, stack(0x000000a015200000,0x000000a015300000)]
  0x000001a57e296000 JavaThread "Signal Dispatcher" daemon [_thread_blocked, id=7640, stack(0x000000a015300000,0x000000a015400000)]
  0x000001a57e297000 JavaThread "Attach Listener" daemon [_thread_blocked, id=5916, stack(0x000000a015400000,0x000000a015500000)]
  0x000001a57e299000 JavaThread "Service Thread" daemon [_thread_blocked, id=12328, stack(0x000000a015500000,0x000000a015600000)]
  0x000001a57e29c000 JavaThread "C2 CompilerThread0" daemon [_thread_in_native, id=1480, stack(0x000000a015600000,0x000000a015700000)]
  0x000001a57e29f800 JavaThread "C1 CompilerThread0" daemon [_thread_blocked, id=1580, stack(0x000000a015700000,0x000000a015800000)]
  0x000001a57e2cd800 JavaThread "Sweeper thread" daemon [_thread_blocked, id=2900, stack(0x000000a015800000,0x000000a015900000)]
  0x000001a57ed50000 JavaThread "Common-Cleaner" daemon [_thread_blocked, id=14152, stack(0x000000a015900000,0x000000a015a00000)]
  0x000001a500883800 JavaThread "Daemon health stats" [_thread_blocked, id=2744, stack(0x000000a015e00000,0x000000a015f00000)]
  0x000001a500c2e800 JavaThread "Incoming local TCP Connector on port 59370" [_thread_in_native, id=4020, stack(0x000000a015d00000,0x000000a015e00000)]
  0x000001a57f5e9000 JavaThread "Daemon periodic checks" [_thread_blocked, id=12680, stack(0x000000a015f00000,0x000000a016000000)]
  0x000001a57f787000 JavaThread "Daemon" [_thread_blocked, id=8828, stack(0x000000a016000000,0x000000a016100000)]
  0x000001a500c2b000 JavaThread "Handler for socket connection from /127.0.0.1:59370 to /127.0.0.1:59371" [_thread_in_native, id=13788, stack(0x000000a016100000,0x000000a016200000)]
  0x000001a5000da800 JavaThread "Cancel handler" [_thread_blocked, id=4332, stack(0x000000a016200000,0x000000a016300000)]
  0x000001a500d81800 JavaThread "Daemon worker" [_thread_blocked, id=7908, stack(0x000000a016300000,0x000000a016400000)]
  0x000001a500c54800 JavaThread "Asynchronous log dispatcher for DefaultDaemonConnection: socket connection from /127.0.0.1:59370 to /127.0.0.1:59371" [_thread_blocked, id=3404, stack(0x000000a016400000,0x000000a016500000)]
  0x000001a500c55000 JavaThread "Stdin handler" [_thread_blocked, id=8348, stack(0x000000a016500000,0x000000a016600000)]
  0x000001a500c83800 JavaThread "Thread-8" [_thread_blocked, id=6460, stack(0x000000a016600000,0x000000a016700000)]
  0x000001a500c85000 JavaThread "Cache worker for file hash cache (C:\Users\rezgo\Downloads\CalculatorApp-master\caches\5.4.1\fileHashes)" [_thread_blocked, id=8132, stack(0x000000a016700000,0x000000a016800000)]
  0x000001a500c86000 JavaThread "File lock request listener" [_thread_in_native, id=6468, stack(0x000000a016800000,0x000000a016900000)]
  0x000001a500c82000 JavaThread "Cache worker for journal cache (C:\Users\rezgo\Downloads\CalculatorApp-master\caches\journal-1)" [_thread_blocked, id=2380, stack(0x000000a016900000,0x000000a016a00000)]
  0x000001a500c84800 JavaThread "Cache worker for file hash cache (C:\Users\rezgo\Downloads\ScientificCalculator-master\.gradle\5.4.1\fileHashes)" [_thread_blocked, id=13592, stack(0x000000a016c00000,0x000000a016d00000)]
  0x000001a500c81000 JavaThread "Cache worker for cache directory md-supplier (C:\Users\rezgo\Downloads\CalculatorApp-master\caches\5.4.1\md-supplier)" [_thread_blocked, id=7896, stack(0x000000a016d00000,0x000000a016e00000)]
  0x000001a500c87000 JavaThread "Cache worker for cache directory md-rule (C:\Users\rezgo\Downloads\CalculatorApp-master\caches\5.4.1\md-rule)" [_thread_blocked, id=7100, stack(0x000000a016e00000,0x000000a016f00000)]
  0x000001a501ed4800 JavaThread "Cache worker for execution history cache (C:\Users\rezgo\Downloads\CalculatorApp-master\caches\5.4.1\executionHistory)" [_thread_blocked, id=9680, stack(0x000000a016f00000,0x000000a017000000)]
  0x000001a501ed2000 JavaThread "Build operations" [_thread_blocked, id=10972, stack(0x000000a017000000,0x000000a017100000)]
  0x000001a501ed2800 JavaThread "Build operations Thread 2" [_thread_blocked, id=10376, stack(0x000000a017100000,0x000000a017200000)]
  0x000001a501ed3800 JavaThread "Build operations Thread 3" [_thread_blocked, id=3648, stack(0x000000a017200000,0x000000a017300000)]
  0x000001a501ed1000 JavaThread "Build operations Thread 4" [_thread_blocked, id=2552, stack(0x000000a017300000,0x000000a017400000)]
  0x000001a501ed0800 JavaThread "Cache worker for Build Output Cleanup Cache (C:\Users\rezgo\Downloads\ScientificCalculator-master\.gradle\buildOutputCleanup)" [_thread_blocked, id=12556, stack(0x000000a016a00000,0x000000a016b00000)]
  0x000001a501edb000 JavaThread "Memory manager" [_thread_blocked, id=12884, stack(0x000000a017400000,0x000000a017500000)]
  0x000001a501ed5000 JavaThread "Cache worker for file content cache (C:\Users\rezgo\Downloads\CalculatorApp-master\caches\5.4.1\fileContent)" [_thread_blocked, id=12120, stack(0x000000a017500000,0x000000a017600000)]
  0x000001a501ed7000 JavaThread "Cache worker for file content cache (C:\Users\rezgo\Downloads\ScientificCalculator-master\.gradle\5.4.1\fileContent)" [_thread_blocked, id=4856, stack(0x000000a017600000,0x000000a017700000)]
  0x000001a501ed7800 JavaThread "Execution worker for ':'" [_thread_blocked, id=14156, stack(0x000000a017800000,0x000000a017900000)]
  0x000001a501ede000 JavaThread "Execution worker for ':' Thread 2" [_thread_blocked, id=13748, stack(0x000000a017900000,0x000000a017a00000)]
  0x000001a501ed9800 JavaThread "Execution worker for ':' Thread 3" [_thread_blocked, id=7460, stack(0x000000a017a00000,0x000000a017b00000)]
  0x000001a501edb800 JavaThread "Cache worker for execution history cache (C:\Users\rezgo\Downloads\ScientificCalculator-master\.gradle\5.4.1\executionHistory)" [_thread_blocked, id=13224, stack(0x000000a017b00000,0x000000a017c00000)]
  0x000001a501eda000 JavaThread "WorkerExecutor Queue" [_thread_blocked, id=10420, stack(0x000000a017c00000,0x000000a017d00000)]
  0x000001a501ed8800 JavaThread "WorkerExecutor Queue Thread 2" [_thread_blocked, id=5828, stack(0x000000a017d00000,0x000000a017e00000)]
  0x000001a501edc800 JavaThread "WorkerExecutor Queue Thread 3" [_thread_blocked, id=2952, stack(0x000000a017e00000,0x000000a017f00000)]
  0x000001a501edf000 JavaThread "WorkerExecutor Queue Thread 4" [_thread_blocked, id=11992, stack(0x000000a017f00000,0x000000a018000000)]
  0x000001a501edd800 JavaThread "pool-2-thread-1" [_thread_blocked, id=9388, stack(0x000000a018000000,0x000000a018100000)]
  0x000001a5007c5800 JavaThread "stderr" [_thread_in_native, id=10460, stack(0x000000a018300000,0x000000a018400000)]
  0x000001a5007c4000 JavaThread "stdout" [_thread_in_native, id=4212, stack(0x000000a018400000,0x000000a018500000)]
  0x000001a5007ca800 JavaThread "stderr" [_thread_in_native, id=2836, stack(0x000000a018700000,0x000000a018800000)]
  0x000001a5007cb800 JavaThread "stdout" [_thread_in_native, id=9420, stack(0x000000a018800000,0x000000a018900000)]
=>0x000001a502572800 JavaThread "C2 CompilerThread1" daemon [_thread_in_native, id=11392, stack(0x000000a017700000,0x000000a017800000)]
  0x000001a5007cc000 JavaThread "stderr" [_thread_in_native, id=12416, stack(0x000000a018100000,0x000000a018200000)]
  0x000001a5007c9000 JavaThread "stdout" [_thread_in_native, id=10816, stack(0x000000a018200000,0x000000a018300000)]
  0x000001a5007c9800 JavaThread "stderr" [_thread_in_native, id=7476, stack(0x000000a018500000,0x000000a018600000)]
  0x000001a5007c5000 JavaThread "stdout" [_thread_in_native, id=6004, stack(0x000000a018600000,0x000000a018700000)]

Other Threads:
  0x000001a57e24c800 VMThread "VM Thread" [stack: 0x000000a015000000,0x000000a015100000] [id=2016]
  0x000001a57ed8d800 WatcherThread [stack: 0x000000a015a00000,0x000000a015b00000] [id=10160]
  0x000001a563a91000 GCTaskThread "GC Thread#0" [stack: 0x000000a014b00000,0x000000a014c00000] [id=6680]
  0x000001a57f485000 GCTaskThread "GC Thread#1" [stack: 0x000000a015b00000,0x000000a015c00000] [id=9468]
  0x000001a57f486000 GCTaskThread "GC Thread#2" [stack: 0x000000a015c00000,0x000000a015d00000] [id=1488]
  0x000001a50178a800 GCTaskThread "GC Thread#3" [stack: 0x000000a016b00000,0x000000a016c00000] [id=6756]
  0x000001a563ab7800 ConcurrentGCThread "G1 Main Marker" [stack: 0x000000a014c00000,0x000000a014d00000] [id=7800]
  0x000001a563aba000 ConcurrentGCThread "G1 Conc#0" [stack: 0x000000a014d00000,0x000000a014e00000] [id=10104]
  0x000001a563b45000 ConcurrentGCThread "G1 Refine#0" [stack: 0x000000a014e00000,0x000000a014f00000] [id=2272]
  0x000001a563b46000 ConcurrentGCThread "G1 Young RemSet Sampling" [stack: 0x000000a014f00000,0x000000a015000000] [id=11936]

Threads with active compile tasks:
C2 CompilerThread0  18723 8665   !   4       java.io.ObjectInputStream::readOrdinaryObject (322 bytes)
C2 CompilerThread1  18724 8669   !   4       java.io.ObjectInputStream::readSerialData (563 bytes)

VM state:not at safepoint (normal execution)

VM Mutex/Monitor currently owned by a thread: None

Heap address: 0x00000000a0000000, size: 1536 MB, Compressed Oops mode: 32-bit
Narrow klass base: 0x0000000000000000, Narrow klass shift: 3
Compressed class space size: 1073741824 Address: 0x0000000100000000

Heap:
 garbage-first heap   total 129024K, used 99235K [0x00000000a0000000, 0x0000000100000000)
  region size 1024K, 22 young (22528K), 3 survivors (3072K)
 Metaspace       used 71699K, capacity 73437K, committed 73600K, reserved 1114112K
  class space    used 9108K, capacity 9684K, committed 9728K, reserved 1048576K
Heap Regions: E=young(eden), S=young(survivor), O=old, HS=humongous(starts), HC=humongous(continues), CS=collection set, F=free, A=archive, TAMS=top-at-mark-start (previous, next)
|   0|0x00000000a0000000, 0x00000000a0100000, 0x00000000a0100000|100%| O|  |TAMS 0x00000000a0100000, 0x00000000a0000000| Untracked 
|   1|0x00000000a0100000, 0x00000000a0200000, 0x00000000a0200000|100%| O|  |TAMS 0x00000000a0200000, 0x00000000a0100000| Untracked 
|   2|0x00000000a0200000, 0x00000000a0300000, 0x00000000a0300000|100%|HS|  |TAMS 0x00000000a0300000, 0x00000000a0200000| Complete 
|   3|0x00000000a0300000, 0x00000000a0400000, 0x00000000a0400000|100%|HS|  |TAMS 0x00000000a0400000, 0x00000000a0300000| Complete 
|   4|0x00000000a0400000, 0x00000000a0500000, 0x00000000a0500000|100%|HC|  |TAMS 0x00000000a0500000, 0x00000000a0400000| Complete 
|   5|0x00000000a0500000, 0x00000000a0600000, 0x00000000a0600000|100%| O|  |TAMS 0x00000000a0600000, 0x00000000a0500000| Untracked 
|   6|0x00000000a0600000, 0x00000000a0700000, 0x00000000a0700000|100%| O|  |TAMS 0x00000000a0700000, 0x00000000a0600000| Untracked 
|   7|0x00000000a0700000, 0x00000000a0800000, 0x00000000a0800000|100%| O|  |TAMS 0x00000000a0800000, 0x00000000a0700000| Untracked 
|   8|0x00000000a0800000, 0x00000000a0900000, 0x00000000a0900000|100%| O|  |TAMS 0x00000000a0900000, 0x00000000a0800000| Untracked 
|   9|0x00000000a0900000, 0x00000000a0a00000, 0x00000000a0a00000|100%| O|  |TAMS 0x00000000a0a00000, 0x00000000a0900000| Untracked 
|  10|0x00000000a0a00000, 0x00000000a0b00000, 0x00000000a0b00000|100%| O|  |TAMS 0x00000000a0b00000, 0x00000000a0a00000| Untracked 
|  11|0x00000000a0b00000, 0x00000000a0c00000, 0x00000000a0c00000|100%| O|  |TAMS 0x00000000a0c00000, 0x00000000a0b00000| Untracked 
|  12|0x00000000a0c00000, 0x00000000a0d00000, 0x00000000a0d00000|100%| O|  |TAMS 0x00000000a0d00000, 0x00000000a0c00000| Untracked 
|  13|0x00000000a0d00000, 0x00000000a0e00000, 0x00000000a0e00000|100%|HS|  |TAMS 0x00000000a0e00000, 0x00000000a0d00000| Complete 
|  14|0x00000000a0e00000, 0x00000000a0f00000, 0x00000000a0f00000|100%|HC|  |TAMS 0x00000000a0f00000, 0x00000000a0e00000| Complete 
|  15|0x00000000a0f00000, 0x00000000a1000000, 0x00000000a1000000|100%|HS|  |TAMS 0x00000000a1000000, 0x00000000a0f00000| Complete 
|  16|0x00000000a1000000, 0x00000000a1100000, 0x00000000a1100000|100%|HC|  |TAMS 0x00000000a1100000, 0x00000000a1000000| Complete 
|  17|0x00000000a1100000, 0x00000000a1200000, 0x00000000a1200000|100%|HC|  |TAMS 0x00000000a1200000, 0x00000000a1100000| Complete 
|  18|0x00000000a1200000, 0x00000000a1300000, 0x00000000a1300000|100%|HS|  |TAMS 0x00000000a1300000, 0x00000000a1200000| Complete 
|  19|0x00000000a1300000, 0x00000000a1400000, 0x00000000a1400000|100%|HC|  |TAMS 0x00000000a1400000, 0x00000000a1300000| Complete 
|  20|0x00000000a1400000, 0x00000000a1500000, 0x00000000a1500000|100%|HC|  |TAMS 0x00000000a1500000, 0x00000000a1400000| Complete 
|  21|0x00000000a1500000, 0x00000000a1600000, 0x00000000a1600000|100%|HC|  |TAMS 0x00000000a1600000, 0x00000000a1500000| Complete 
|  22|0x00000000a1600000, 0x00000000a1700000, 0x00000000a1700000|100%|HS|  |TAMS 0x00000000a1700000, 0x00000000a1600000| Complete 
|  23|0x00000000a1700000, 0x00000000a1800000, 0x00000000a1800000|100%|HC|  |TAMS 0x00000000a1800000, 0x00000000a1700000| Complete 
|  24|0x00000000a1800000, 0x00000000a1900000, 0x00000000a1900000|100%| O|  |TAMS 0x00000000a1900000, 0x00000000a1800000| Untracked 
|  25|0x00000000a1900000, 0x00000000a1a00000, 0x00000000a1a00000|100%| O|  |TAMS 0x00000000a1a00000, 0x00000000a1900000| Untracked 
|  26|0x00000000a1a00000, 0x00000000a1b00000, 0x00000000a1b00000|100%| O|  |TAMS 0x00000000a1b00000, 0x00000000a1a00000| Untracked 
|  27|0x00000000a1b00000, 0x00000000a1c00000, 0x00000000a1c00000|100%| O|  |TAMS 0x00000000a1c00000, 0x00000000a1b00000| Untracked 
|  28|0x00000000a1c00000, 0x00000000a1d00000, 0x00000000a1d00000|100%| O|  |TAMS 0x00000000a1d00000, 0x00000000a1c00000| Untracked 
|  29|0x00000000a1d00000, 0x00000000a1e00000, 0x00000000a1e00000|100%| O|  |TAMS 0x00000000a1e00000, 0x00000000a1d00000| Untracked 
|  30|0x00000000a1e00000, 0x00000000a1f00000, 0x00000000a1f00000|100%| O|  |TAMS 0x00000000a1f00000, 0x00000000a1e00000| Untracked 
|  31|0x00000000a1f00000, 0x00000000a2000000, 0x00000000a2000000|100%| O|  |TAMS 0x00000000a2000000, 0x00000000a1f00000| Untracked 
|  32|0x00000000a2000000, 0x00000000a2100000, 0x00000000a2100000|100%| O|  |TAMS 0x00000000a2100000, 0x00000000a2000000| Untracked 
|  33|0x00000000a2100000, 0x00000000a2200000, 0x00000000a2200000|100%| O|  |TAMS 0x00000000a2200000, 0x00000000a2100000| Untracked 
|  34|0x00000000a2200000, 0x00000000a2300000, 0x00000000a2300000|100%| O|  |TAMS 0x00000000a2300000, 0x00000000a2200000| Untracked 
|  35|0x00000000a2300000, 0x00000000a2400000, 0x00000000a2400000|100%| O|  |TAMS 0x00000000a2400000, 0x00000000a2300000| Untracked 
|  36|0x00000000a2400000, 0x00000000a2500000, 0x00000000a2500000|100%| O|  |TAMS 0x00000000a2500000, 0x00000000a2400000| Untracked 
|  37|0x00000000a2500000, 0x00000000a2600000, 0x00000000a2600000|100%| O|  |TAMS 0x00000000a2600000, 0x00000000a2500000| Untracked 
|  38|0x00000000a2600000, 0x00000000a2700000, 0x00000000a2700000|100%| O|  |TAMS 0x00000000a2700000, 0x00000000a2600000| Untracked 
|  39|0x00000000a2700000, 0x00000000a2800000, 0x00000000a2800000|100%| O|  |TAMS 0x00000000a2800000, 0x00000000a2700000| Untracked 
|  40|0x00000000a2800000, 0x00000000a2900000, 0x00000000a2900000|100%| O|  |TAMS 0x00000000a2900000, 0x00000000a2800000| Untracked 
|  41|0x00000000a2900000, 0x00000000a2a00000, 0x00000000a2a00000|100%| O|  |TAMS 0x00000000a2a00000, 0x00000000a2900000| Untracked 
|  42|0x00000000a2a00000, 0x00000000a2b00000, 0x00000000a2b00000|100%| O|  |TAMS 0x00000000a2b00000, 0x00000000a2a00000| Untracked 
|  43|0x00000000a2b00000, 0x00000000a2c00000, 0x00000000a2c00000|100%| O|  |TAMS 0x00000000a2c00000, 0x00000000a2b00000| Untracked 
|  44|0x00000000a2c00000, 0x00000000a2d00000, 0x00000000a2d00000|100%| O|  |TAMS 0x00000000a2d00000, 0x00000000a2c00000| Untracked 
|  45|0x00000000a2d00000, 0x00000000a2e00000, 0x00000000a2e00000|100%| O|  |TAMS 0x00000000a2e00000, 0x00000000a2d00000| Untracked 
|  46|0x00000000a2e00000, 0x00000000a2f00000, 0x00000000a2f00000|100%| O|  |TAMS 0x00000000a2f00000, 0x00000000a2e00000| Untracked 
|  47|0x00000000a2f00000, 0x00000000a3000000, 0x00000000a3000000|100%| O|  |TAMS 0x00000000a3000000, 0x00000000a2f00000| Untracked 
|  48|0x00000000a3000000, 0x00000000a3100000, 0x00000000a3100000|100%| O|  |TAMS 0x00000000a3100000, 0x00000000a3000000| Untracked 
|  49|0x00000000a3100000, 0x00000000a3200000, 0x00000000a3200000|100%| O|  |TAMS 0x00000000a3200000, 0x00000000a3100000| Untracked 
|  50|0x00000000a3200000, 0x00000000a3300000, 0x00000000a3300000|100%| O|  |TAMS 0x00000000a3300000, 0x00000000a3200000| Untracked 
|  51|0x00000000a3300000, 0x00000000a3400000, 0x00000000a3400000|100%| O|  |TAMS 0x00000000a3400000, 0x00000000a3300000| Untracked 
|  52|0x00000000a3400000, 0x00000000a3500000, 0x00000000a3500000|100%| O|  |TAMS 0x00000000a3500000, 0x00000000a3400000| Untracked 
|  53|0x00000000a3500000, 0x00000000a3600000, 0x00000000a3600000|100%| O|  |TAMS 0x00000000a3600000, 0x00000000a3500000| Untracked 
|  54|0x00000000a3600000, 0x00000000a3700000, 0x00000000a3700000|100%| O|  |TAMS 0x00000000a3700000, 0x00000000a3600000| Untracked 
|  55|0x00000000a3700000, 0x00000000a3800000, 0x00000000a3800000|100%| O|  |TAMS 0x00000000a3800000, 0x00000000a3700000| Untracked 
|  56|0x00000000a3800000, 0x00000000a3900000, 0x00000000a3900000|100%| O|  |TAMS 0x00000000a3900000, 0x00000000a3800000| Untracked 
|  57|0x00000000a3900000, 0x00000000a3a00000, 0x00000000a3a00000|100%| O|  |TAMS 0x00000000a3a00000, 0x00000000a3900000| Untracked 
|  58|0x00000000a3a00000, 0x00000000a3b00000, 0x00000000a3b00000|100%| O|  |TAMS 0x00000000a3b00000, 0x00000000a3a00000| Untracked 
|  59|0x00000000a3b00000, 0x00000000a3c00000, 0x00000000a3c00000|100%| O|  |TAMS 0x00000000a3c00000, 0x00000000a3b00000| Untracked 
|  60|0x00000000a3c00000, 0x00000000a3d00000, 0x00000000a3d00000|100%| O|  |TAMS 0x00000000a3d00000, 0x00000000a3c00000| Untracked 
|  61|0x00000000a3d00000, 0x00000000a3e00000, 0x00000000a3e00000|100%| O|  |TAMS 0x00000000a3e00000, 0x00000000a3d00000| Untracked 
|  62|0x00000000a3e00000, 0x00000000a3f00000, 0x00000000a3f00000|100%| O|  |TAMS 0x00000000a3f00000, 0x00000000a3e00000| Untracked 
|  63|0x00000000a3f00000, 0x00000000a4000000, 0x00000000a4000000|100%| O|  |TAMS 0x00000000a4000000, 0x00000000a3f00000| Untracked 
|  64|0x00000000a4000000, 0x00000000a4100000, 0x00000000a4100000|100%| O|  |TAMS 0x00000000a4100000, 0x00000000a4000000| Untracked 
|  65|0x00000000a4100000, 0x00000000a4200000, 0x00000000a4200000|100%| O|  |TAMS 0x00000000a4200000, 0x00000000a4100000| Untracked 
|  66|0x00000000a4200000, 0x00000000a4300000, 0x00000000a4300000|100%| O|  |TAMS 0x00000000a4300000, 0x00000000a4200000| Untracked 
|  67|0x00000000a4300000, 0x00000000a4400000, 0x00000000a4400000|100%| O|  |TAMS 0x00000000a4400000, 0x00000000a4300000| Untracked 
|  68|0x00000000a4400000, 0x00000000a4500000, 0x00000000a4500000|100%| O|  |TAMS 0x00000000a4500000, 0x00000000a4400000| Untracked 
|  69|0x00000000a4500000, 0x00000000a4532a00, 0x00000000a4600000| 19%| O|  |TAMS 0x00000000a4532a00, 0x00000000a4500000| Untracked 
|  70|0x00000000a4600000, 0x00000000a4700000, 0x00000000a4700000|100%|HS|  |TAMS 0x00000000a4600000, 0x00000000a4600000| Complete 
|  71|0x00000000a4700000, 0x00000000a4800000, 0x00000000a4800000|100%|HS|  |TAMS 0x00000000a4700000, 0x00000000a4700000| Complete 
|  72|0x00000000a4800000, 0x00000000a4900000, 0x00000000a4900000|100%|HC|  |TAMS 0x00000000a4800000, 0x00000000a4800000| Complete 
|  73|0x00000000a4900000, 0x00000000a4a00000, 0x00000000a4a00000|100%|HS|  |TAMS 0x00000000a4900000, 0x00000000a4900000| Complete 
|  74|0x00000000a4a00000, 0x00000000a4b00000, 0x00000000a4b00000|100%|HS|  |TAMS 0x00000000a4a00000, 0x00000000a4a00000| Complete 
|  75|0x00000000a4b00000, 0x00000000a4c00000, 0x00000000a4c00000|100%|HC|  |TAMS 0x00000000a4b00000, 0x00000000a4b00000| Complete 
|  76|0x00000000a4c00000, 0x00000000a4d00000, 0x00000000a4d00000|100%|HS|  |TAMS 0x00000000a4c00000, 0x00000000a4c00000| Complete 
|  77|0x00000000a4d00000, 0x00000000a4e00000, 0x00000000a4e00000|100%|HC|  |TAMS 0x00000000a4d00000, 0x00000000a4d00000| Complete 
|  78|0x00000000a4e00000, 0x00000000a4e00000, 0x00000000a4f00000|  0%| F|  |TAMS 0x00000000a4e00000, 0x00000000a4e00000| Untracked 
|  79|0x00000000a4f00000, 0x00000000a4f00000, 0x00000000a5000000|  0%| F|  |TAMS 0x00000000a4f00000, 0x00000000a4f00000| Untracked 
|  80|0x00000000a5000000, 0x00000000a5000000, 0x00000000a5100000|  0%| F|  |TAMS 0x00000000a5000000, 0x00000000a5000000| Untracked 
|  81|0x00000000a5100000, 0x00000000a5100000, 0x00000000a5200000|  0%| F|  |TAMS 0x00000000a5100000, 0x00000000a5100000| Untracked 
|  82|0x00000000a5200000, 0x00000000a5200000, 0x00000000a5300000|  0%| F|  |TAMS 0x00000000a5200000, 0x00000000a5200000| Untracked 
|  83|0x00000000a5300000, 0x00000000a5300000, 0x00000000a5400000|  0%| F|  |TAMS 0x00000000a5300000, 0x00000000a5300000| Untracked 
|  84|0x00000000a5400000, 0x00000000a5400000, 0x00000000a5500000|  0%| F|  |TAMS 0x00000000a5400000, 0x00000000a5400000| Untracked 
|  85|0x00000000a5500000, 0x00000000a5500000, 0x00000000a5600000|  0%| F|  |TAMS 0x00000000a5500000, 0x00000000a5500000| Untracked 
|  86|0x00000000a5600000, 0x00000000a5600000, 0x00000000a5700000|  0%| F|  |TAMS 0x00000000a5600000, 0x00000000a5600000| Untracked 
|  87|0x00000000a5700000, 0x00000000a5700000, 0x00000000a5800000|  0%| F|  |TAMS 0x00000000a5700000, 0x00000000a5700000| Untracked 
|  88|0x00000000a5800000, 0x00000000a5800000, 0x00000000a5900000|  0%| F|  |TAMS 0x00000000a5800000, 0x00000000a5800000| Untracked 
|  89|0x00000000a5900000, 0x00000000a5900000, 0x00000000a5a00000|  0%| F|  |TAMS 0x00000000a5900000, 0x00000000a5900000| Untracked 
|  90|0x00000000a5a00000, 0x00000000a5a00000, 0x00000000a5b00000|  0%| F|  |TAMS 0x00000000a5a00000, 0x00000000a5a00000| Untracked 
|  91|0x00000000a5b00000, 0x00000000a5b00000, 0x00000000a5c00000|  0%| F|  |TAMS 0x00000000a5b00000, 0x00000000a5b00000| Untracked 
|  92|0x00000000a5c00000, 0x00000000a5c00000, 0x00000000a5d00000|  0%| F|  |TAMS 0x00000000a5c00000, 0x00000000a5c00000| Untracked 
|  93|0x00000000a5d00000, 0x00000000a5d00000, 0x00000000a5e00000|  0%| F|  |TAMS 0x00000000a5d00000, 0x00000000a5d00000| Untracked 
|  94|0x00000000a5e00000, 0x00000000a5e00000, 0x00000000a5f00000|  0%| F|  |TAMS 0x00000000a5e00000, 0x00000000a5e00000| Untracked 
|  95|0x00000000a5f00000, 0x00000000a5f00000, 0x00000000a6000000|  0%| F|  |TAMS 0x00000000a5f00000, 0x00000000a5f00000| Untracked 
|  96|0x00000000a6000000, 0x00000000a6000000, 0x00000000a6100000|  0%| F|  |TAMS 0x00000000a6000000, 0x00000000a6000000| Untracked 
|  97|0x00000000a6100000, 0x00000000a6100000, 0x00000000a6200000|  0%| F|  |TAMS 0x00000000a6100000, 0x00000000a6100000| Untracked 
|  98|0x00000000a6200000, 0x00000000a6200000, 0x00000000a6300000|  0%| F|  |TAMS 0x00000000a6200000, 0x00000000a6200000| Untracked 
|  99|0x00000000a6300000, 0x00000000a6300000, 0x00000000a6400000|  0%| F|  |TAMS 0x00000000a6300000, 0x00000000a6300000| Untracked 
| 100|0x00000000a6400000, 0x00000000a6400000, 0x00000000a6500000|  0%| F|  |TAMS 0x00000000a6400000, 0x00000000a6400000| Untracked 
| 101|0x00000000a6500000, 0x00000000a6500000, 0x00000000a6600000|  0%| F|  |TAMS 0x00000000a6500000, 0x00000000a6500000| Untracked 
| 102|0x00000000a6600000, 0x00000000a6600000, 0x00000000a6700000|  0%| F|  |TAMS 0x00000000a6600000, 0x00000000a6600000| Untracked 
| 103|0x00000000a6700000, 0x00000000a6700000, 0x00000000a6800000|  0%| F|  |TAMS 0x00000000a6700000, 0x00000000a6700000| Untracked 
| 104|0x00000000a6800000, 0x00000000a6860870, 0x00000000a6900000| 37%| E|  |TAMS 0x00000000a6800000, 0x00000000a6800000| Complete 
| 105|0x00000000a6900000, 0x00000000a6a00000, 0x00000000a6a00000|100%| E|CS|TAMS 0x00000000a6900000, 0x00000000a6900000| Complete 
| 106|0x00000000a6a00000, 0x00000000a6b00000, 0x00000000a6b00000|100%| E|CS|TAMS 0x00000000a6a00000, 0x00000000a6a00000| Complete 
| 107|0x00000000a6b00000, 0x00000000a6c00000, 0x00000000a6c00000|100%| E|CS|TAMS 0x00000000a6b00000, 0x00000000a6b00000| Complete 
| 108|0x00000000a6c00000, 0x00000000a6d00000, 0x00000000a6d00000|100%| E|CS|TAMS 0x00000000a6c00000, 0x00000000a6c00000| Complete 
| 109|0x00000000a6d00000, 0x00000000a6e00000, 0x00000000a6e00000|100%| E|CS|TAMS 0x00000000a6d00000, 0x00000000a6d00000| Complete 
| 110|0x00000000a6e00000, 0x00000000a6f00000, 0x00000000a6f00000|100%| E|CS|TAMS 0x00000000a6e00000, 0x00000000a6e00000| Complete 
| 111|0x00000000a6f00000, 0x00000000a7000000, 0x00000000a7000000|100%| E|CS|TAMS 0x00000000a6f00000, 0x00000000a6f00000| Complete 
| 112|0x00000000a7000000, 0x00000000a70b6430, 0x00000000a7100000| 71%| S|CS|TAMS 0x00000000a7000000, 0x00000000a7000000| Complete 
| 113|0x00000000a7100000, 0x00000000a7200000, 0x00000000a7200000|100%| S|CS|TAMS 0x00000000a7100000, 0x00000000a7100000| Complete 
| 114|0x00000000a7200000, 0x00000000a7300000, 0x00000000a7300000|100%| S|CS|TAMS 0x00000000a7200000, 0x00000000a7200000| Complete 
| 115|0x00000000a7300000, 0x00000000a7400000, 0x00000000a7400000|100%| E|CS|TAMS 0x00000000a7300000, 0x00000000a7300000| Complete 
| 116|0x00000000a7400000, 0x00000000a7500000, 0x00000000a7500000|100%| E|CS|TAMS 0x00000000a7400000, 0x00000000a7400000| Complete 
| 117|0x00000000a7500000, 0x00000000a7600000, 0x00000000a7600000|100%| E|CS|TAMS 0x00000000a7500000, 0x00000000a7500000| Complete 
| 118|0x00000000a7600000, 0x00000000a7700000, 0x00000000a7700000|100%| E|CS|TAMS 0x00000000a7600000, 0x00000000a7600000| Complete 
| 119|0x00000000a7700000, 0x00000000a7800000, 0x00000000a7800000|100%| E|CS|TAMS 0x00000000a7700000, 0x00000000a7700000| Complete 
| 120|0x00000000a7800000, 0x00000000a7900000, 0x00000000a7900000|100%| E|CS|TAMS 0x00000000a7800000, 0x00000000a7800000| Complete 
| 121|0x00000000a7900000, 0x00000000a7a00000, 0x00000000a7a00000|100%| E|CS|TAMS 0x00000000a7900000, 0x00000000a7900000| Complete 
| 122|0x00000000a7a00000, 0x00000000a7b00000, 0x00000000a7b00000|100%| E|CS|TAMS 0x00000000a7a00000, 0x00000000a7a00000| Complete 
| 123|0x00000000a7b00000, 0x00000000a7c00000, 0x00000000a7c00000|100%| E|CS|TAMS 0x00000000a7b00000, 0x00000000a7b00000| Complete 
| 124|0x00000000a7c00000, 0x00000000a7d00000, 0x00000000a7d00000|100%| E|  |TAMS 0x00000000a7c00000, 0x00000000a7c00000| Complete 
| 125|0x00000000a7d00000, 0x00000000a7e00000, 0x00000000a7e00000|100%| E|CS|TAMS 0x00000000a7d00000, 0x00000000a7d00000| Complete 

Card table byte_map: [0x000001a578690000,0x000001a578990000] _byte_map_base: 0x000001a578190000

Marking Bits (Prev, Next): (CMBitMap*) 0x000001a563ab0b38, (CMBitMap*) 0x000001a563ab0b70
 Prev Bits: [0x000001a578c90000, 0x000001a57a490000)
 Next Bits: [0x000001a57a490000, 0x000001a57bc90000)

Polling page: 0x000001a5638f0000

Metaspace:

Usage:
  Non-class:     62.26 MB capacity,    61.12 MB ( 98%) used,  1016.52 KB (  2%) free+waste,   146.06 KB ( <1%) overhead. 
      Class:      9.46 MB capacity,     8.90 MB ( 94%) used,   508.49 KB (  5%) free+waste,    66.81 KB ( <1%) overhead. 
       Both:     71.72 MB capacity,    70.02 MB ( 98%) used,     1.49 MB (  2%) free+waste,   212.88 KB ( <1%) overhead. 

Virtual space:
  Non-class space:       64.00 MB reserved,      62.38 MB ( 97%) committed 
      Class space:        1.00 GB reserved,       9.50 MB ( <1%) committed 
             Both:        1.06 GB reserved,      71.88 MB (  7%) committed 

Chunk freelists:
   Non-Class:  55.00 KB
       Class:  12.00 KB
        Both:  67.00 KB

MaxMetaspaceSize: 17179869184.00 GB
CompressedClassSpaceSize: 1.00 GB

CodeHeap 'non-profiled nmethods': size=120064Kb used=4993Kb max_used=4993Kb free=115070Kb
 bounds [0x000001a570820000, 0x000001a570d10000, 0x000001a577d60000]
CodeHeap 'profiled nmethods': size=120000Kb used=18775Kb max_used=18775Kb free=101224Kb
 bounds [0x000001a5692f0000, 0x000001a56a550000, 0x000001a570820000]
CodeHeap 'non-nmethods': size=5696Kb used=2258Kb max_used=2302Kb free=3437Kb
 bounds [0x000001a568d60000, 0x000001a568fd0000, 0x000001a5692f0000]
 total_blobs=9507 nmethods=8661 adapters=756
 compilation: enabled
              stopped_count=0, restarted_count=0
 full_count=0

Compilation events (20 events):
Event: 18.626 Thread 0x000001a57e29f800 nmethod 8675 0x000001a56a53ea10 code [0x000001a56a53ec00, 0x000001a56a53f178]
Event: 18.627 Thread 0x000001a57e29f800 8676       3       java.io.ObjectInputStream$GetFieldImpl::readFields (114 bytes)
Event: 18.627 Thread 0x000001a502572800 8669   !   4       java.io.ObjectInputStream::readSerialData (563 bytes)
Event: 18.627 Thread 0x000001a57e29f800 nmethod 8676 0x000001a56a53f310 code [0x000001a56a53f520, 0x000001a56a53fa78]
Event: 18.632 Thread 0x000001a57e29f800 8679   !   3       jdk.internal.reflect.GeneratedSerializationConstructorAccessor52::newInstance (49 bytes)
Event: 18.633 Thread 0x000001a57e29f800 nmethod 8679 0x000001a56a53fe10 code [0x000001a56a540000, 0x000001a56a540408]
Event: 18.633 Thread 0x000001a57e29f800 8680       3       java.io.ObjectInputStream$BlockDataInputStream::readChar (73 bytes)
Event: 18.633 Thread 0x000001a57e29f800 nmethod 8680 0x000001a56a540610 code [0x000001a56a540800, 0x000001a56a540b18]
Event: 18.633 Thread 0x000001a57e29f800 8677       3       org.gradle.execution.plan.DefaultPlanExecutor$ExecutorWorker$2::transform (9 bytes)
Event: 18.633 Thread 0x000001a57e29f800 nmethod 8677 0x000001a56a540c90 code [0x000001a56a540e60, 0x000001a56a5410a8]
Event: 18.633 Thread 0x000001a57e29f800 8678   !   3       org.gradle.execution.plan.DefaultPlanExecutor$ExecutorWorker$2::transform (143 bytes)
Event: 18.634 Thread 0x000001a57e29f800 nmethod 8678 0x000001a56a541190 code [0x000001a56a541440, 0x000001a56a5420d8]
Event: 18.642 Thread 0x000001a57e29f800 8682       3       java.security.AccessControlContext::combine (205 bytes)
Event: 18.643 Thread 0x000001a57e29f800 nmethod 8682 0x000001a56a542710 code [0x000001a56a542940, 0x000001a56a543458]
Event: 18.654 Thread 0x000001a57e29f800 8683       3       java.io.ObjectStreamClass::<init> (10 bytes)
Event: 18.655 Thread 0x000001a57e29f800 nmethod 8683 0x000001a56a543790 code [0x000001a56a543940, 0x000001a56a543a98]
Event: 18.655 Thread 0x000001a57e29f800 8684       3       java.io.ObjectStreamField::<init> (264 bytes)
Event: 18.655 Thread 0x000001a57e29f800 nmethod 8684 0x000001a56a543b90 code [0x000001a56a543e40, 0x000001a56a544ee8]
Event: 18.656 Thread 0x000001a57e29f800 8685       1       java.io.ObjectStreamClass::getName (5 bytes)
Event: 18.656 Thread 0x000001a57e29f800 nmethod 8685 0x000001a570cffe90 code [0x000001a570d00040, 0x000001a570d000f8]

GC Heap History (20 events):
Event: 8.299 GC heap before
{Heap before GC invocations=9 (full 0):
 garbage-first heap   total 129024K, used 86743K [0x00000000a0000000, 0x0000000100000000)
  region size 1024K, 54 young (55296K), 4 survivors (4096K)
 Metaspace       used 44539K, capacity 45565K, committed 45644K, reserved 1089536K
  class space    used 5703K, capacity 6000K, committed 6016K, reserved 1048576K
}
Event: 8.308 GC heap after
{Heap after GC invocations=10 (full 0):
 garbage-first heap   total 129024K, used 42211K [0x00000000a0000000, 0x0000000100000000)
  region size 1024K, 7 young (7168K), 7 survivors (7168K)
 Metaspace       used 44539K, capacity 45565K, committed 45644K, reserved 1089536K
  class space    used 5703K, capacity 6000K, committed 6016K, reserved 1048576K
}
Event: 9.343 GC heap before
{Heap before GC invocations=10 (full 0):
 garbage-first heap   total 129024K, used 88291K [0x00000000a0000000, 0x0000000100000000)
  region size 1024K, 53 young (54272K), 7 survivors (7168K)
 Metaspace       used 50727K, capacity 51780K, committed 52044K, reserved 1095680K
  class space    used 6426K, capacity 6770K, committed 6784K, reserved 1048576K
}
Event: 9.353 GC heap after
{Heap after GC invocations=11 (full 0):
 garbage-first heap   total 129024K, used 46439K [0x00000000a0000000, 0x0000000100000000)
  region size 1024K, 4 young (4096K), 4 survivors (4096K)
 Metaspace       used 50727K, capacity 51780K, committed 52044K, reserved 1095680K
  class space    used 6426K, capacity 6770K, committed 6784K, reserved 1048576K
}
Event: 10.586 GC heap before
{Heap before GC invocations=11 (full 0):
 garbage-first heap   total 129024K, used 92519K [0x00000000a0000000, 0x0000000100000000)
  region size 1024K, 49 young (50176K), 4 survivors (4096K)
 Metaspace       used 55691K, capacity 56960K, committed 57164K, reserved 1099776K
  class space    used 7048K, capacity 7430K, committed 7552K, reserved 1048576K
}
Event: 10.594 GC heap after
{Heap after GC invocations=12 (full 0):
 garbage-first heap   total 129024K, used 49859K [0x00000000a0000000, 0x0000000100000000)
  region size 1024K, 7 young (7168K), 7 survivors (7168K)
 Metaspace       used 55691K, capacity 56960K, committed 57164K, reserved 1099776K
  class space    used 7048K, capacity 7430K, committed 7552K, reserved 1048576K
}
Event: 11.061 GC heap before
{Heap before GC invocations=12 (full 0):
 garbage-first heap   total 129024K, used 78531K [0x00000000a0000000, 0x0000000100000000)
  region size 1024K, 36 young (36864K), 7 survivors (7168K)
 Metaspace       used 58875K, capacity 60146K, committed 60288K, reserved 1101824K
  class space    used 7474K, capacity 7875K, committed 7936K, reserved 1048576K
}
Event: 11.076 GC heap after
{Heap after GC invocations=13 (full 0):
 garbage-first heap   total 129024K, used 51555K [0x00000000a0000000, 0x0000000100000000)
  region size 1024K, 6 young (6144K), 6 survivors (6144K)
 Metaspace       used 58875K, capacity 60146K, committed 60288K, reserved 1101824K
  class space    used 7474K, capacity 7875K, committed 7936K, reserved 1048576K
}
Event: 12.028 GC heap before
{Heap before GC invocations=14 (full 0):
 garbage-first heap   total 129024K, used 92515K [0x00000000a0000000, 0x0000000100000000)
  region size 1024K, 46 young (47104K), 6 survivors (6144K)
 Metaspace       used 64128K, capacity 65588K, committed 65792K, reserved 1105920K
  class space    used 8236K, capacity 8719K, committed 8832K, reserved 1048576K
}
Event: 12.045 GC heap after
{Heap after GC invocations=15 (full 0):
 garbage-first heap   total 129024K, used 54025K [0x00000000a0000000, 0x0000000100000000)
  region size 1024K, 4 young (4096K), 4 survivors (4096K)
 Metaspace       used 64128K, capacity 65588K, committed 65792K, reserved 1105920K
  class space    used 8236K, capacity 8719K, committed 8832K, reserved 1048576K
}
Event: 13.148 GC heap before
{Heap before GC invocations=16 (full 0):
 garbage-first heap   total 129024K, used 96009K [0x00000000a0000000, 0x0000000100000000)
  region size 1024K, 45 young (46080K), 4 survivors (4096K)
 Metaspace       used 67798K, capacity 69319K, committed 69632K, reserved 1110016K
  class space    used 8749K, capacity 9266K, committed 9344K, reserved 1048576K
}
Event: 13.158 GC heap after
{Heap after GC invocations=17 (full 0):
 garbage-first heap   total 129024K, used 57632K [0x00000000a0000000, 0x0000000100000000)
  region size 1024K, 6 young (6144K), 6 survivors (6144K)
 Metaspace       used 67798K, capacity 69319K, committed 69632K, reserved 1110016K
  class space    used 8749K, capacity 9266K, committed 9344K, reserved 1048576K
}
Event: 14.000 GC heap before
{Heap before GC invocations=17 (full 0):
 garbage-first heap   total 129024K, used 97568K [0x00000000a0000000, 0x0000000100000000)
  region size 1024K, 46 young (47104K), 6 survivors (6144K)
 Metaspace       used 68984K, capacity 70619K, committed 70784K, reserved 1110016K
  class space    used 8866K, capacity 9387K, committed 9472K, reserved 1048576K
}
Event: 14.013 GC heap after
{Heap after GC invocations=18 (full 0):
 garbage-first heap   total 129024K, used 61154K [0x00000000a0000000, 0x0000000100000000)
  region size 1024K, 4 young (4096K), 4 survivors (4096K)
 Metaspace       used 68984K, capacity 70619K, committed 70784K, reserved 1110016K
  class space    used 8866K, capacity 9387K, committed 9472K, reserved 1048576K
}
Event: 15.284 GC heap before
{Heap before GC invocations=18 (full 0):
 garbage-first heap   total 129024K, used 100066K [0x00000000a0000000, 0x0000000100000000)
  region size 1024K, 43 young (44032K), 4 survivors (4096K)
 Metaspace       used 70333K, capacity 71943K, committed 72192K, reserved 1112064K
  class space    used 8993K, capacity 9502K, committed 9600K, reserved 1048576K
}
Event: 15.294 GC heap after
{Heap after GC invocations=19 (full 0):
 garbage-first heap   total 129024K, used 65944K [0x00000000a0000000, 0x0000000100000000)
  region size 1024K, 6 young (6144K), 6 survivors (6144K)
 Metaspace       used 70333K, capacity 71943K, committed 72192K, reserved 1112064K
  class space    used 8993K, capacity 9502K, committed 9600K, reserved 1048576K
}
Event: 16.914 GC heap before
{Heap before GC invocations=19 (full 0):
 garbage-first heap   total 129024K, used 100760K [0x00000000a0000000, 0x0000000100000000)
  region size 1024K, 41 young (41984K), 6 survivors (6144K)
 Metaspace       used 70971K, capacity 72542K, committed 72704K, reserved 1112064K
  class space    used 9037K, capacity 9572K, committed 9600K, reserved 1048576K
}
Event: 16.925 GC heap after
{Heap after GC invocations=20 (full 0):
 garbage-first heap   total 129024K, used 71584K [0x00000000a0000000, 0x0000000100000000)
  region size 1024K, 6 young (6144K), 6 survivors (6144K)
 Metaspace       used 70971K, capacity 72542K, committed 72704K, reserved 1112064K
  class space    used 9037K, capacity 9572K, committed 9600K, reserved 1048576K
}
Event: 17.696 GC heap before
{Heap before GC invocations=21 (full 0):
 garbage-first heap   total 129024K, used 80800K [0x00000000a0000000, 0x0000000100000000)
  region size 1024K, 17 young (17408K), 6 survivors (6144K)
 Metaspace       used 71041K, capacity 72639K, committed 72704K, reserved 1112064K
  class space    used 9036K, capacity 9559K, committed 9600K, reserved 1048576K
}
Event: 17.707 GC heap after
{Heap after GC invocations=22 (full 0):
 garbage-first heap   total 129024K, used 73635K [0x00000000a0000000, 0x0000000100000000)
  region size 1024K, 3 young (3072K), 3 survivors (3072K)
 Metaspace       used 71041K, capacity 72639K, committed 72704K, reserved 1112064K
  class space    used 9036K, capacity 9559K, committed 9600K, reserved 1048576K
}

Deoptimization events (20 events):
Event: 17.995 Thread 0x000001a500d81800 Uncommon trap: trap_request=0xffffff4d fr.pc=0x000001a570a8c090 relative=0x0000000000002670
Event: 17.995 Thread 0x000001a500d81800 Uncommon trap: reason=unstable_if action=reinterpret pc=0x000001a570a8c090 method=java.util.TreeMap.put(Ljava/lang/Object;Ljava/lang/Object;)Ljava/lang/Object; @ 163 c2
Event: 17.995 Thread 0x000001a500d81800 DEOPT PACKING pc=0x000001a570a8c090 sp=0x000000a0163f8660
Event: 17.995 Thread 0x000001a500d81800 DEOPT UNPACKING pc=0x000001a568d8662f sp=0x000000a0163f8638 mode 2
Event: 18.056 Thread 0x000001a500d81800 Uncommon trap: trap_request=0xffffff4d fr.pc=0x000001a570980b60 relative=0x0000000000000980
Event: 18.056 Thread 0x000001a500d81800 Uncommon trap: reason=unstable_if action=reinterpret pc=0x000001a570980b60 method=java.lang.Integer.stringSize(I)I @ 19 c2
Event: 18.056 Thread 0x000001a500d81800 DEOPT PACKING pc=0x000001a570980b60 sp=0x000000a0163f8a40
Event: 18.056 Thread 0x000001a500d81800 DEOPT UNPACKING pc=0x000001a568d8662f sp=0x000000a0163f8998 mode 2
Event: 18.166 Thread 0x000001a500d81800 Uncommon trap: trap_request=0xffffff4d fr.pc=0x000001a57097fbb4 relative=0x0000000000000094
Event: 18.166 Thread 0x000001a500d81800 Uncommon trap: reason=unstable_if action=reinterpret pc=0x000001a57097fbb4 method=java.lang.Integer.stringSize(I)I @ 19 c2
Event: 18.166 Thread 0x000001a500d81800 DEOPT PACKING pc=0x000001a57097fbb4 sp=0x000000a0163f8a00
Event: 18.166 Thread 0x000001a500d81800 DEOPT UNPACKING pc=0x000001a568d8662f sp=0x000000a0163f8980 mode 2
Event: 18.205 Thread 0x000001a501ed7800 Uncommon trap: trap_request=0xffffff4d fr.pc=0x000001a570b2cf10 relative=0x0000000000000690
Event: 18.205 Thread 0x000001a501ed7800 Uncommon trap: reason=unstable_if action=reinterpret pc=0x000001a570b2cf10 method=java.util.HashMap$HashIterator.<init>(Ljava/util/HashMap;)V @ 45 c2
Event: 18.205 Thread 0x000001a501ed7800 DEOPT PACKING pc=0x000001a570b2cf10 sp=0x000000a0178fe9a0
Event: 18.205 Thread 0x000001a501ed7800 DEOPT UNPACKING pc=0x000001a568d8662f sp=0x000000a0178fe830 mode 2
Event: 18.205 Thread 0x000001a501ed7800 Uncommon trap: trap_request=0xffffff4d fr.pc=0x000001a570c01760 relative=0x0000000000000340
Event: 18.205 Thread 0x000001a501ed7800 Uncommon trap: reason=unstable_if action=reinterpret pc=0x000001a570c01760 method=java.util.HashMap$HashIterator.<init>(Ljava/util/HashMap;)V @ 45 c2
Event: 18.205 Thread 0x000001a501ed7800 DEOPT PACKING pc=0x000001a570c01760 sp=0x000000a0178fe8e0
Event: 18.205 Thread 0x000001a501ed7800 DEOPT UNPACKING pc=0x000001a568d8662f sp=0x000000a0178fe898 mode 2

Classes redefined (0 events):
No events

Internal exceptions (20 events):
Event: 13.613 Thread 0x000001a500c83800 Exception <a 'java/lang/NoSuchMethodError'{0x00000000a6408808}: <clinit>> (0x00000000a6408808) thrown at [./src/hotspot/share/prims/jni.cpp, line 1362]
Event: 13.615 Thread 0x000001a500c83800 Exception <a 'java/lang/NoSuchMethodError'{0x00000000a6421f08}: <clinit>> (0x00000000a6421f08) thrown at [./src/hotspot/share/prims/jni.cpp, line 1362]
Event: 13.616 Thread 0x000001a500c83800 Exception <a 'java/lang/NoSuchMethodError'{0x00000000a6437920}: <clinit>> (0x00000000a6437920) thrown at [./src/hotspot/share/prims/jni.cpp, line 1362]
Event: 13.618 Thread 0x000001a500c83800 Exception <a 'java/lang/NoSuchMethodError'{0x00000000a64390e0}: <clinit>> (0x00000000a64390e0) thrown at [./src/hotspot/share/prims/jni.cpp, line 1362]
Event: 13.679 Thread 0x000001a500c83800 Exception <a 'java/lang/NoSuchMethodError'{0x00000000a6331520}: <clinit>> (0x00000000a6331520) thrown at [./src/hotspot/share/prims/jni.cpp, line 1362]
Event: 17.681 Thread 0x000001a500d81800 Implicit null exception at 0x000001a570c9f722 to 0x000001a570ca46c0
Event: 17.681 Thread 0x000001a500d81800 Implicit null exception at 0x000001a570c9f722 to 0x000001a570ca46c0
Event: 17.723 Thread 0x000001a500d81800 Implicit null exception at 0x000001a570c9f722 to 0x000001a570ca46c0
Event: 17.914 Thread 0x000001a500d81800 Exception <a 'java/lang/NoSuchMethodError'{0x00000000a7dd6fb0}: <clinit>> (0x00000000a7dd6fb0) thrown at [./src/hotspot/share/prims/jni.cpp, line 1362]
Event: 17.916 Thread 0x000001a500d81800 Exception <a 'java/lang/NoSuchMethodError'{0x00000000a7dea5f8}: <clinit>> (0x00000000a7dea5f8) thrown at [./src/hotspot/share/prims/jni.cpp, line 1362]
Event: 17.918 Thread 0x000001a500d81800 Exception <a 'java/lang/NoSuchMethodError'{0x00000000a7c0f068}: <clinit>> (0x00000000a7c0f068) thrown at [./src/hotspot/share/prims/jni.cpp, line 1362]
Event: 17.919 Thread 0x000001a500d81800 Exception <a 'java/lang/NoSuchMethodError'{0x00000000a7c12738}: <clinit>> (0x00000000a7c12738) thrown at [./src/hotspot/share/prims/jni.cpp, line 1362]
Event: 17.921 Thread 0x000001a500d81800 Exception <a 'java/lang/NoSuchMethodError'{0x00000000a7c28238}: <clinit>> (0x00000000a7c28238) thrown at [./src/hotspot/share/prims/jni.cpp, line 1362]
Event: 18.314 Thread 0x000001a501ed8800 Exception <a 'java/lang/NoSuchMethodError'{0x00000000a6a27440}: 'void java.lang.invoke.DirectMethodHandle$Holder.invokeStatic(java.lang.Object, long)'> (0x00000000a6a27440) thrown at [./src/hotspot/share/interpreter/linkResolver.cpp, line 773]
Event: 18.314 Thread 0x000001a501ed8800 Exception <a 'java/lang/NoSuchMethodError'{0x00000000a6a2c658}: 'java.lang.Object java.lang.invoke.DirectMethodHandle$Holder.invokeStatic(java.lang.Object, long)'> (0x00000000a6a2c658) thrown at [./src/hotspot/share/interpreter/linkResolver.cpp, line 773]
Event: 18.316 Thread 0x000001a501ed8800 Exception <a 'java/lang/NoSuchMethodError'{0x00000000a6a61040}: 'java.lang.Object java.lang.invoke.DirectMethodHandle$Holder.invokeStaticInit(java.lang.Object, java.lang.Object, long, java.lang.Object)'> (0x00000000a6a61040) thrown at [./src/hotspot/share/interpreter/linkResolver.cpp, line 773]
Event: 18.317 Thread 0x000001a501ed8800 Exception <a 'java/lang/NoSuchMethodError'{0x00000000a6a66f30}: 'java.lang.Object java.lang.invoke.DirectMethodHandle$Holder.invokeStatic(java.lang.Object, java.lang.Object, long)'> (0x00000000a6a66f30) thrown at [./src/hotspot/share/interpreter/linkResolver.cpp, line 773]
Event: 18.317 Thread 0x000001a501ed8800 Exception <a 'java/lang/NoSuchMethodError'{0x00000000a6a6d708}: 'java.lang.Object java.lang.invoke.Invokers$Holder.linkToTargetMethod(java.lang.Object, long, java.lang.Object)'> (0x00000000a6a6d708) thrown at [./src/hotspot/share/interpreter/linkResolver.cpp, line 773]
Event: 18.622 Thread 0x000001a501eda000 Exception <a 'java/io/IOException'{0x00000000a6a8eab8}> (0x00000000a6a8eab8) thrown at [./src/hotspot/share/prims/jni.cpp, line 615]
Event: 18.654 Thread 0x000001a501edf000 Exception <a 'java/io/IOException'{0x00000000a6bb5498}> (0x00000000a6bb5498) thrown at [./src/hotspot/share/prims/jni.cpp, line 615]

Events (20 events):
Event: 18.624 loading class com/android/builder/internal/aapt/v2/Aapt2DaemonImpl$WaitForTaskCompletion$Result$Succeeded
Event: 18.624 loading class com/android/builder/internal/aapt/v2/Aapt2DaemonImpl$WaitForTaskCompletion$Result$Succeeded done
Event: 18.624 loading class com/android/builder/internal/aapt/v2/Aapt2DaemonImpl$WaitForTaskCompletion$Result
Event: 18.624 loading class com/android/builder/internal/aapt/v2/Aapt2DaemonImpl$WaitForTaskCompletion$Result done
Event: 18.624 Thread 0x000001a502572800 Thread exited: 0x000001a502572800
Event: 18.626 Thread 0x000001a502572800 Thread added: 0x000001a502572800
Event: 18.643 Thread 0x000001a5007cc000 Thread added: 0x000001a5007cc000
Event: 18.643 Thread 0x000001a5007c9000 Thread added: 0x000001a5007c9000
Event: 18.645 Executing VM operation: RevokeBias
Event: 18.653 Executing VM operation: RevokeBias done
Event: 18.653 Executing VM operation: RevokeBias
Event: 18.653 Executing VM operation: RevokeBias done
Event: 18.653 Thread 0x000001a5007c5000 Thread exited: 0x000001a5007c5000
Event: 18.653 Executing VM operation: RevokeBias
Event: 18.653 Executing VM operation: RevokeBias done
Event: 18.653 Executing VM operation: RevokeBias
Event: 18.654 Executing VM operation: RevokeBias done
Event: 18.654 Thread 0x000001a5007c8000 Thread exited: 0x000001a5007c8000
Event: 18.666 Thread 0x000001a5007c9800 Thread added: 0x000001a5007c9800
Event: 18.666 Thread 0x000001a5007c5000 Thread added: 0x000001a5007c5000


Dynamic libraries:
0x00007ff6262d0000 - 0x00007ff6262da000 	C:\Program Files\Android\Android Studio\jre\bin\java.exe
0x00007fffd6350000 - 0x00007fffd6545000 	C:\Windows\SYSTEM32\ntdll.dll
0x00007fffd43f0000 - 0x00007fffd44ae000 	C:\Windows\System32\KERNEL32.DLL
0x00007fffd40e0000 - 0x00007fffd43a8000 	C:\Windows\System32\KERNELBASE.dll
0x00007fffd3b80000 - 0x00007fffd3c80000 	C:\Windows\System32\ucrtbase.dll
0x00007fffbcf90000 - 0x00007fffbcfa9000 	C:\Program Files\Android\Android Studio\jre\bin\jli.dll
0x00007fffcdb40000 - 0x00007fffcdb57000 	C:\Program Files\Android\Android Studio\jre\bin\VCRUNTIME140.dll
0x00007fffd4b80000 - 0x00007fffd4d20000 	C:\Windows\System32\USER32.dll
0x00007fffd3f90000 - 0x00007fffd3fb2000 	C:\Windows\System32\win32u.dll
0x00007fffd47f0000 - 0x00007fffd481a000 	C:\Windows\System32\GDI32.dll
0x00007fffc1080000 - 0x00007fffc131a000 	C:\Windows\WinSxS\amd64_microsoft.windows.common-controls_6595b64144ccf1df_6.0.19041.1110_none_60b5254171f9507e\COMCTL32.dll
0x00007fffd3a70000 - 0x00007fffd3b7b000 	C:\Windows\System32\gdi32full.dll
0x00007fffd3c80000 - 0x00007fffd3d1d000 	C:\Windows\System32\msvcp_win.dll
0x00007fffd4e00000 - 0x00007fffd4e9e000 	C:\Windows\System32\msvcrt.dll
0x00007fffd43c0000 - 0x00007fffd43f0000 	C:\Windows\System32\IMM32.DLL
0x00007fffa9130000 - 0x00007fffa91cd000 	C:\Program Files\Android\Android Studio\jre\bin\msvcp140.dll
0x00007fff6dbb0000 - 0x00007fff6e685000 	C:\Program Files\Android\Android Studio\jre\bin\server\jvm.dll
0x00007fffd5820000 - 0x00007fffd58ce000 	C:\Windows\System32\ADVAPI32.dll
0x00007fffd6270000 - 0x00007fffd630c000 	C:\Windows\System32\sechost.dll
0x00007fffd56f0000 - 0x00007fffd5815000 	C:\Windows\System32\RPCRT4.dll
0x00007fffd4d80000 - 0x00007fffd4d88000 	C:\Windows\System32\PSAPI.DLL
0x00007fffbb980000 - 0x00007fffbb989000 	C:\Windows\SYSTEM32\WSOCK32.dll
0x00007fffd4d90000 - 0x00007fffd4dfb000 	C:\Windows\System32\WS2_32.dll
0x00007fffbfb30000 - 0x00007fffbfb57000 	C:\Windows\SYSTEM32\WINMM.dll
0x00007fffcc7d0000 - 0x00007fffcc7da000 	C:\Windows\SYSTEM32\VERSION.dll
0x00007fffd2320000 - 0x00007fffd2332000 	C:\Windows\SYSTEM32\kernel.appcore.dll
0x00007fffc2420000 - 0x00007fffc2431000 	C:\Program Files\Android\Android Studio\jre\bin\verify.dll
0x00007fffc13a0000 - 0x00007fffc1584000 	C:\Windows\SYSTEM32\DBGHELP.DLL
0x00007fffc19f0000 - 0x00007fffc1a1c000 	C:\Windows\SYSTEM32\dbgcore.DLL
0x00007fffd3d20000 - 0x00007fffd3da2000 	C:\Windows\System32\bcryptPrimitives.dll
0x00007fffbcde0000 - 0x00007fffbce09000 	C:\Program Files\Android\Android Studio\jre\bin\java.dll
0x00007fffcd4f0000 - 0x00007fffcd4fb000 	C:\Program Files\Android\Android Studio\jre\bin\jimage.dll
0x00007fffc1990000 - 0x00007fffc19a8000 	C:\Program Files\Android\Android Studio\jre\bin\zip.dll
0x00007fffd59b0000 - 0x00007fffd60f4000 	C:\Windows\System32\SHELL32.dll
0x00007fffd1b70000 - 0x00007fffd2304000 	C:\Windows\SYSTEM32\windows.storage.dll
0x00007fffd5330000 - 0x00007fffd5684000 	C:\Windows\System32\combase.dll
0x00007fffd34e0000 - 0x00007fffd350c000 	C:\Windows\SYSTEM32\Wldp.dll
0x00007fffd44b0000 - 0x00007fffd455d000 	C:\Windows\System32\SHCORE.dll
0x00007fffd4820000 - 0x00007fffd4875000 	C:\Windows\System32\shlwapi.dll
0x00007fffd39b0000 - 0x00007fffd39cf000 	C:\Windows\SYSTEM32\profapi.dll
0x00007fffbcdc0000 - 0x00007fffbcdda000 	C:\Program Files\Android\Android Studio\jre\bin\net.dll
0x00007fffc3eb0000 - 0x00007fffc3fba000 	C:\Windows\SYSTEM32\WINHTTP.dll
0x00007fffd3240000 - 0x00007fffd32aa000 	C:\Windows\system32\mswsock.dll
0x00007fffbcda0000 - 0x00007fffbcdb4000 	C:\Program Files\Android\Android Studio\jre\bin\nio.dll
0x00007fff6f800000 - 0x00007fff6f826000 	C:\Users\rezgo\Downloads\CalculatorApp-master\native\29\windows-amd64\native-platform.dll
0x00007fffbe850000 - 0x00007fffbe85a000 	C:\Program Files\Android\Android Studio\jre\bin\management.dll
0x00007fffbcd90000 - 0x00007fffbcd9d000 	C:\Program Files\Android\Android Studio\jre\bin\management_ext.dll
0x00007fffd3430000 - 0x00007fffd3448000 	C:\Windows\SYSTEM32\CRYPTSP.dll
0x00007fffd2b50000 - 0x00007fffd2b84000 	C:\Windows\system32\rsaenh.dll
0x00007fffd3e00000 - 0x00007fffd3e27000 	C:\Windows\System32\bcrypt.dll
0x00007fffd3930000 - 0x00007fffd395e000 	C:\Windows\SYSTEM32\USERENV.dll
0x00007fffd3450000 - 0x00007fffd345c000 	C:\Windows\SYSTEM32\CRYPTBASE.dll
0x00007fffd2ee0000 - 0x00007fffd2f1b000 	C:\Windows\SYSTEM32\IPHLPAPI.DLL
0x00007fffd43b0000 - 0x00007fffd43b8000 	C:\Windows\System32\NSI.dll
0x00007fffcbd20000 - 0x00007fffcbd37000 	C:\Windows\SYSTEM32\dhcpcsvc6.DLL
0x00007fffcb350000 - 0x00007fffcb36d000 	C:\Windows\SYSTEM32\dhcpcsvc.DLL
0x00007fffd2f20000 - 0x00007fffd2feb000 	C:\Windows\SYSTEM32\DNSAPI.dll

dbghelp: loaded successfully - version: 4.0.5 - missing functions: none
symbol engine: initialized successfully - sym options: 0x614 - pdb path: .;C:\Program Files\Android\Android Studio\jre\bin;C:\Windows\SYSTEM32;C:\Windows\WinSxS\amd64_microsoft.windows.common-controls_6595b64144ccf1df_6.0.19041.1110_none_60b5254171f9507e;C:\Program Files\Android\Android Studio\jre\bin\server;C:\Users\rezgo\Downloads\CalculatorApp-master\native\29\windows-amd64

VM Arguments:
jvm_args: --add-opens=java.base/java.util=ALL-UNNAMED --add-opens=java.base/java.lang=ALL-UNNAMED --add-opens=java.base/java.lang.invoke=ALL-UNNAMED --add-opens=java.prefs/java.util.prefs=ALL-UNNAMED -Xmx1536m -Dfile.encoding=windows-1251 -Duser.country=RU -Duser.language=ru -Duser.variant 
java_command: org.gradle.launcher.daemon.bootstrap.GradleDaemon 5.4.1
java_class_path (initial): C:\Users\rezgo\Downloads\CalculatorApp-master\wrapper\dists\gradle-5.4.1-all\3221gyojl5jsh0helicew7rwx\gradle-5.4.1\lib\gradle-launcher-5.4.1.jar
Launcher Type: SUN_STANDARD

[Global flags]
     intx CICompilerCount                          = 3                                         {product} {ergonomic}
     uint ConcGCThreads                            = 1                                         {product} {ergonomic}
     uint G1ConcRefinementThreads                  = 4                                         {product} {ergonomic}
   size_t G1HeapRegionSize                         = 1048576                                   {product} {ergonomic}
    uintx GCDrainStackTargetSize                   = 64                                        {product} {ergonomic}
   size_t InitialHeapSize                          = 132120576                                 {product} {ergonomic}
   size_t MarkStackSize                            = 4194304                                   {product} {ergonomic}
   size_t MaxHeapSize                              = 1610612736                                {product} {command line}
   size_t MaxNewSize                               = 965738496                                 {product} {ergonomic}
   size_t MinHeapDeltaBytes                        = 1048576                                   {product} {ergonomic}
    uintx NonNMethodCodeHeapSize                   = 5830732                                {pd product} {ergonomic}
    uintx NonProfiledCodeHeapSize                  = 122913754                              {pd product} {ergonomic}
    uintx ProfiledCodeHeapSize                     = 122913754                              {pd product} {ergonomic}
    uintx ReservedCodeCacheSize                    = 251658240                              {pd product} {ergonomic}
     bool SegmentedCodeCache                       = true                                      {product} {ergonomic}
     bool UseCompressedClassPointers               = true                                 {lp64_product} {ergonomic}
     bool UseCompressedOops                        = true                                 {lp64_product} {ergonomic}
     bool UseG1GC                                  = true                                      {product} {ergonomic}
     bool UseLargePagesIndividualAllocation        = false                                  {pd product} {ergonomic}

Logging:
Log output configuration:
 #0: stdout all=warning uptime,level,tags
 #1: stderr all=off uptime,level,tags

Environment Variables:
PATH=C:\Windows\system32;C:\Windows;C:\Windows\System32\Wbem;C:\Windows\System32\WindowsPowerShell\v1.0\;C:\Windows\System32\OpenSSH\;C:\Program Files\Git\cmd;C:\Users\rezgo\AppData\Local\Microsoft\WindowsApps;
USERNAME=rezgo
OS=Windows_NT
PROCESSOR_IDENTIFIER=Intel64 Family 6 Model 142 Stepping 9, GenuineIntel



---------------  S Y S T E M  ---------------

OS: Windows 10 , 64 bit Build 19041 (10.0.19041.1645)
OS uptime: 0 days 1:38 hours

CPU:total 4 (initial active 4) (2 cores per cpu, 2 threads per core) family 6 model 142 stepping 9 microcode 0xea, cmov, cx8, fxsr, mmx, sse, sse2, sse3, ssse3, sse4.1, sse4.2, popcnt, avx, avx2, aes, clmul, erms, rtm, 3dnowpref, lzcnt, ht, tsc, tscinvbit, bmi1, bmi2, adx, fma

Memory: 4k page, system-wide physical 8057M (517M free)
TotalPageFile size 10105M (AvailPageFile size 2M)
current process WorkingSet (physical memory assigned to process): 330M, peak: 334M
current process commit charge ("private bytes"): 358M, peak: 363M

vm_info: OpenJDK 64-Bit Server VM (11.0.11+9-b60-7590822) for windows-amd64 JRE (11.0.11+9-b60-7590822), built on Jul 29 2021 21:43:44 by "builder" with MS VC++ 14.0 (VS2015)

END.
